C:\Users\Kali\Desktop\Splitwise\Splitwise.Web\Splitwise-appp\dist\out-tsc\e2e\src\app.po.js
C:\Users\Kali\Desktop\Splitwise\Splitwise.Web\Splitwise-appp\dist\out-tsc\e2e\src\app.po.js.map
C:\Users\Kali\Desktop\Splitwise\Splitwise.Web\Splitwise-appp\dist\out-tsc\e2e\src\app.e2e-spec.js
C:\Users\Kali\Desktop\Splitwise\Splitwise.Web\Splitwise-appp\dist\out-tsc\e2e\src\app.e2e-spec.js.map
C:\Users\Kali\Desktop\Splitwise\Splitwise.Web\Splitwise-appp\dist\out-tsc\src\app\Services\SplitWiseApi.js
C:\Users\Kali\Desktop\Splitwise\Splitwise.Web\Splitwise-appp\dist\out-tsc\src\app\Services\SplitWiseApi.js.map
C:\Users\Kali\Desktop\Splitwise\Splitwise.Web\Splitwise-appp\dist\out-tsc\src\app\activities\activities.component.js
C:\Users\Kali\Desktop\Splitwise\Splitwise.Web\Splitwise-appp\dist\out-tsc\src\app\activities\activities.component.js.map
C:\Users\Kali\Desktop\Splitwise\Splitwise.Web\Splitwise-appp\dist\out-tsc\src\Models\IUser.js
C:\Users\Kali\Desktop\Splitwise\Splitwise.Web\Splitwise-appp\dist\out-tsc\src\Models\IUser.js.map
C:\Users\Kali\Desktop\Splitwise\Splitwise.Web\Splitwise-appp\dist\out-tsc\src\Models\IGroup.js
C:\Users\Kali\Desktop\Splitwise\Splitwise.Web\Splitwise-appp\dist\out-tsc\src\Models\IGroup.js.map
C:\Users\Kali\Desktop\Splitwise\Splitwise.Web\Splitwise-appp\dist\out-tsc\src\Models\IExpense.js
C:\Users\Kali\Desktop\Splitwise\Splitwise.Web\Splitwise-appp\dist\out-tsc\src\Models\IExpense.js.map
C:\Users\Kali\Desktop\Splitwise\Splitwise.Web\Splitwise-appp\dist\out-tsc\src\Models\IPayerModel.js
C:\Users\Kali\Desktop\Splitwise\Splitwise.Web\Splitwise-appp\dist\out-tsc\src\Models\IPayerModel.js.map
C:\Users\Kali\Desktop\Splitwise\Splitwise.Web\Splitwise-appp\dist\out-tsc\src\Models\IShare.js
C:\Users\Kali\Desktop\Splitwise\Splitwise.Web\Splitwise-appp\dist\out-tsc\src\Models\IShare.js.map
C:\Users\Kali\Desktop\Splitwise\Splitwise.Web\Splitwise-appp\dist\out-tsc\src\Models\IExpenseModel.js
C:\Users\Kali\Desktop\Splitwise\Splitwise.Web\Splitwise-appp\dist\out-tsc\src\Models\IExpenseModel.js.map
C:\Users\Kali\Desktop\Splitwise\Splitwise.Web\Splitwise-appp\dist\out-tsc\src\app\add-expenses\add-expenses.component.js
C:\Users\Kali\Desktop\Splitwise\Splitwise.Web\Splitwise-appp\dist\out-tsc\src\app\add-expenses\add-expenses.component.js.map
C:\Users\Kali\Desktop\Splitwise\Splitwise.Web\Splitwise-appp\dist\out-tsc\src\Models\IGroupModel.js
C:\Users\Kali\Desktop\Splitwise\Splitwise.Web\Splitwise-appp\dist\out-tsc\src\Models\IGroupModel.js.map
C:\Users\Kali\Desktop\Splitwise\Splitwise.Web\Splitwise-appp\dist\out-tsc\src\app\add-group\add-group.component.js
C:\Users\Kali\Desktop\Splitwise\Splitwise.Web\Splitwise-appp\dist\out-tsc\src\app\add-group\add-group.component.js.map
C:\Users\Kali\Desktop\Splitwise\Splitwise.Web\Splitwise-appp\dist\out-tsc\src\app\authguard.js
C:\Users\Kali\Desktop\Splitwise\Splitwise.Web\Splitwise-appp\dist\out-tsc\src\app\authguard.js.map
C:\Users\Kali\Desktop\Splitwise\Splitwise.Web\Splitwise-appp\dist\out-tsc\src\app\container\container.component.js
C:\Users\Kali\Desktop\Splitwise\Splitwise.Web\Splitwise-appp\dist\out-tsc\src\app\container\container.component.js.map
C:\Users\Kali\Desktop\Splitwise\Splitwise.Web\Splitwise-appp\dist\out-tsc\src\app\createpayments\createpayments.component.js
C:\Users\Kali\Desktop\Splitwise\Splitwise.Web\Splitwise-appp\dist\out-tsc\src\app\createpayments\createpayments.component.js.map
C:\Users\Kali\Desktop\Splitwise\Splitwise.Web\Splitwise-appp\dist\out-tsc\src\Models\IActivity.js
C:\Users\Kali\Desktop\Splitwise\Splitwise.Web\Splitwise-appp\dist\out-tsc\src\Models\IActivity.js.map
C:\Users\Kali\Desktop\Splitwise\Splitwise.Web\Splitwise-appp\dist\out-tsc\src\Models\ITransaction.js
C:\Users\Kali\Desktop\Splitwise\Splitwise.Web\Splitwise-appp\dist\out-tsc\src\Models\ITransaction.js.map
C:\Users\Kali\Desktop\Splitwise\Splitwise.Web\Splitwise-appp\dist\out-tsc\src\Models\IUserModel.js
C:\Users\Kali\Desktop\Splitwise\Splitwise.Web\Splitwise-appp\dist\out-tsc\src\Models\IUserModel.js.map
C:\Users\Kali\Desktop\Splitwise\Splitwise.Web\Splitwise-appp\dist\out-tsc\src\app\dashboard\dashboard.component.js
C:\Users\Kali\Desktop\Splitwise\Splitwise.Web\Splitwise-appp\dist\out-tsc\src\app\dashboard\dashboard.component.js.map
C:\Users\Kali\Desktop\Splitwise\Splitwise.Web\Splitwise-appp\dist\out-tsc\src\app\editexpense\editexpense.component.js
C:\Users\Kali\Desktop\Splitwise\Splitwise.Web\Splitwise-appp\dist\out-tsc\src\app\editexpense\editexpense.component.js.map
C:\Users\Kali\Desktop\Splitwise\Splitwise.Web\Splitwise-appp\dist\out-tsc\src\Models\Membermodel.js
C:\Users\Kali\Desktop\Splitwise\Splitwise.Web\Splitwise-appp\dist\out-tsc\src\Models\Membermodel.js.map
C:\Users\Kali\Desktop\Splitwise\Splitwise.Web\Splitwise-appp\dist\out-tsc\src\app\editgroup\editgroup.component.js
C:\Users\Kali\Desktop\Splitwise\Splitwise.Web\Splitwise-appp\dist\out-tsc\src\app\editgroup\editgroup.component.js.map
C:\Users\Kali\Desktop\Splitwise\Splitwise.Web\Splitwise-appp\dist\out-tsc\src\Models\ILoginModel.js
C:\Users\Kali\Desktop\Splitwise\Splitwise.Web\Splitwise-appp\dist\out-tsc\src\Models\ILoginModel.js.map
C:\Users\Kali\Desktop\Splitwise\Splitwise.Web\Splitwise-appp\dist\out-tsc\src\app\login\login.component.js
C:\Users\Kali\Desktop\Splitwise\Splitwise.Web\Splitwise-appp\dist\out-tsc\src\app\login\login.component.js.map
C:\Users\Kali\Desktop\Splitwise\Splitwise.Web\Splitwise-appp\dist\out-tsc\src\app\my-expenses\my-expenses.component.js
C:\Users\Kali\Desktop\Splitwise\Splitwise.Web\Splitwise-appp\dist\out-tsc\src\app\my-expenses\my-expenses.component.js.map
C:\Users\Kali\Desktop\Splitwise\Splitwise.Web\Splitwise-appp\dist\out-tsc\src\app\my-groups\my-groups.component.js
C:\Users\Kali\Desktop\Splitwise\Splitwise.Web\Splitwise-appp\dist\out-tsc\src\app\my-groups\my-groups.component.js.map
C:\Users\Kali\Desktop\Splitwise\Splitwise.Web\Splitwise-appp\dist\out-tsc\src\Models\RegisterModel.js
C:\Users\Kali\Desktop\Splitwise\Splitwise.Web\Splitwise-appp\dist\out-tsc\src\Models\RegisterModel.js.map
C:\Users\Kali\Desktop\Splitwise\Splitwise.Web\Splitwise-appp\dist\out-tsc\src\app\register\register.component.js
C:\Users\Kali\Desktop\Splitwise\Splitwise.Web\Splitwise-appp\dist\out-tsc\src\app\register\register.component.js.map
C:\Users\Kali\Desktop\Splitwise\Splitwise.Web\Splitwise-appp\dist\out-tsc\src\app\resetpassword\resetpassword.component.js
C:\Users\Kali\Desktop\Splitwise\Splitwise.Web\Splitwise-appp\dist\out-tsc\src\app\resetpassword\resetpassword.component.js.map
C:\Users\Kali\Desktop\Splitwise\Splitwise.Web\Splitwise-appp\dist\out-tsc\src\app\app-routing.module.js
C:\Users\Kali\Desktop\Splitwise\Splitwise.Web\Splitwise-appp\dist\out-tsc\src\app\app-routing.module.js.map
C:\Users\Kali\Desktop\Splitwise\Splitwise.Web\Splitwise-appp\dist\out-tsc\src\app\app.component.js
C:\Users\Kali\Desktop\Splitwise\Splitwise.Web\Splitwise-appp\dist\out-tsc\src\app\app.component.js.map
C:\Users\Kali\Desktop\Splitwise\Splitwise.Web\Splitwise-appp\dist\out-tsc\src\app\app.module.js
C:\Users\Kali\Desktop\Splitwise\Splitwise.Web\Splitwise-appp\dist\out-tsc\src\app\app.module.js.map
C:\Users\Kali\Desktop\Splitwise\Splitwise.Web\Splitwise-appp\dist\out-tsc\src\environments\environment.js
C:\Users\Kali\Desktop\Splitwise\Splitwise.Web\Splitwise-appp\dist\out-tsc\src\environments\environment.js.map
C:\Users\Kali\Desktop\Splitwise\Splitwise.Web\Splitwise-appp\dist\out-tsc\src\main.js
C:\Users\Kali\Desktop\Splitwise\Splitwise.Web\Splitwise-appp\dist\out-tsc\src\main.js.map
C:\Users\Kali\Desktop\Splitwise\Splitwise.Web\Splitwise-appp\dist\out-tsc\src\polyfills.js
C:\Users\Kali\Desktop\Splitwise\Splitwise.Web\Splitwise-appp\dist\out-tsc\src\polyfills.js.map
C:\Users\Kali\Desktop\Splitwise\Splitwise.Web\Splitwise-appp\dist\out-tsc\src\test.js
C:\Users\Kali\Desktop\Splitwise\Splitwise.Web\Splitwise-appp\dist\out-tsc\src\test.js.map
C:\Users\Kali\Desktop\Splitwise\Splitwise.Web\Splitwise-appp\dist\out-tsc\src\app\app.component.spec.js
C:\Users\Kali\Desktop\Splitwise\Splitwise.Web\Splitwise-appp\dist\out-tsc\src\app\app.component.spec.js.map
C:\Users\Kali\Desktop\Splitwise\Splitwise.Web\Splitwise-appp\dist\out-tsc\src\app\activities\activities.component.spec.js
C:\Users\Kali\Desktop\Splitwise\Splitwise.Web\Splitwise-appp\dist\out-tsc\src\app\activities\activities.component.spec.js.map
C:\Users\Kali\Desktop\Splitwise\Splitwise.Web\Splitwise-appp\dist\out-tsc\src\app\add-expenses\add-expenses.component.spec.js
C:\Users\Kali\Desktop\Splitwise\Splitwise.Web\Splitwise-appp\dist\out-tsc\src\app\add-expenses\add-expenses.component.spec.js.map
C:\Users\Kali\Desktop\Splitwise\Splitwise.Web\Splitwise-appp\dist\out-tsc\src\app\add-group\add-group.component.spec.js
C:\Users\Kali\Desktop\Splitwise\Splitwise.Web\Splitwise-appp\dist\out-tsc\src\app\add-group\add-group.component.spec.js.map
C:\Users\Kali\Desktop\Splitwise\Splitwise.Web\Splitwise-appp\dist\out-tsc\src\app\container\container.component.spec.js
C:\Users\Kali\Desktop\Splitwise\Splitwise.Web\Splitwise-appp\dist\out-tsc\src\app\container\container.component.spec.js.map
C:\Users\Kali\Desktop\Splitwise\Splitwise.Web\Splitwise-appp\dist\out-tsc\src\app\createpayments\createpayments.component.spec.js
C:\Users\Kali\Desktop\Splitwise\Splitwise.Web\Splitwise-appp\dist\out-tsc\src\app\createpayments\createpayments.component.spec.js.map
C:\Users\Kali\Desktop\Splitwise\Splitwise.Web\Splitwise-appp\dist\out-tsc\src\app\dashboard\dashboard.component.spec.js
C:\Users\Kali\Desktop\Splitwise\Splitwise.Web\Splitwise-appp\dist\out-tsc\src\app\dashboard\dashboard.component.spec.js.map
C:\Users\Kali\Desktop\Splitwise\Splitwise.Web\Splitwise-appp\dist\out-tsc\src\app\editexpense\editexpense.component.spec.js
C:\Users\Kali\Desktop\Splitwise\Splitwise.Web\Splitwise-appp\dist\out-tsc\src\app\editexpense\editexpense.component.spec.js.map
C:\Users\Kali\Desktop\Splitwise\Splitwise.Web\Splitwise-appp\dist\out-tsc\src\app\editgroup\editgroup.component.spec.js
C:\Users\Kali\Desktop\Splitwise\Splitwise.Web\Splitwise-appp\dist\out-tsc\src\app\editgroup\editgroup.component.spec.js.map
C:\Users\Kali\Desktop\Splitwise\Splitwise.Web\Splitwise-appp\dist\out-tsc\src\app\login\LoginModel.js
C:\Users\Kali\Desktop\Splitwise\Splitwise.Web\Splitwise-appp\dist\out-tsc\src\app\login\LoginModel.js.map
C:\Users\Kali\Desktop\Splitwise\Splitwise.Web\Splitwise-appp\dist\out-tsc\src\app\login\login.component.spec.js
C:\Users\Kali\Desktop\Splitwise\Splitwise.Web\Splitwise-appp\dist\out-tsc\src\app\login\login.component.spec.js.map
C:\Users\Kali\Desktop\Splitwise\Splitwise.Web\Splitwise-appp\dist\out-tsc\src\app\my-expenses\my-expenses.component.spec.js
C:\Users\Kali\Desktop\Splitwise\Splitwise.Web\Splitwise-appp\dist\out-tsc\src\app\my-expenses\my-expenses.component.spec.js.map
C:\Users\Kali\Desktop\Splitwise\Splitwise.Web\Splitwise-appp\dist\out-tsc\src\app\my-groups\my-groups.component.spec.js
C:\Users\Kali\Desktop\Splitwise\Splitwise.Web\Splitwise-appp\dist\out-tsc\src\app\my-groups\my-groups.component.spec.js.map
C:\Users\Kali\Desktop\Splitwise\Splitwise.Web\Splitwise-appp\dist\out-tsc\src\app\register\register.component.spec.js
C:\Users\Kali\Desktop\Splitwise\Splitwise.Web\Splitwise-appp\dist\out-tsc\src\app\register\register.component.spec.js.map
C:\Users\Kali\Desktop\Splitwise\Splitwise.Web\Splitwise-appp\dist\out-tsc\src\app\resetpassword\resetpassword.component.spec.js
C:\Users\Kali\Desktop\Splitwise\Splitwise.Web\Splitwise-appp\dist\out-tsc\src\app\resetpassword\resetpassword.component.spec.js.map
C:\Users\Kali\Desktop\Splitwise\Splitwise.Web\Splitwise-appp\dist\out-tsc\src\environments\environment.prod.js
C:\Users\Kali\Desktop\Splitwise\Splitwise.Web\Splitwise-appp\dist\out-tsc\src\environments\environment.prod.js.map
